C:\USERS\PRABAKARTHI\DOCUMENTS\VISUAL STUDIO 2012 LEARN\C FILES\C FILES\DEBUG\FILEWRITE.OBJ
C:\USERS\PRABAKARTHI\DOCUMENTS\VISUAL STUDIO 2012 LEARN\C FILES\C FILES\DEBUG\VC110.PDB
C:\USERS\PRABAKARTHI\DOCUMENTS\VISUAL STUDIO 2012 LEARN\C FILES\DEBUG\C FILES.ILK
C:\USERS\PRABAKARTHI\DOCUMENTS\VISUAL STUDIO 2012 LEARN\C FILES\DEBUG\C FILES.EXE
C:\USERS\PRABAKARTHI\DOCUMENTS\VISUAL STUDIO 2012 LEARN\C FILES\DEBUG\C FILES.PDB
C:\Users\PrabaKarthi\Documents\Visual Studio 2012 Learn\C Files\C Files\Debug\FileRead.obj
C:\Users\PrabaKarthi\Documents\Visual Studio 2012 Learn\C Files\C Files\Debug\FileWrite.obj
C:\Users\PrabaKarthi\Documents\Visual Studio 2012 Learn\C Files\C Files\Debug\cl.command.1.tlog
C:\Users\PrabaKarthi\Documents\Visual Studio 2012 Learn\C Files\C Files\Debug\CL.read.1.tlog
C:\Users\PrabaKarthi\Documents\Visual Studio 2012 Learn\C Files\C Files\Debug\CL.write.1.tlog
C:\Users\PrabaKarthi\Documents\Visual Studio 2012 Learn\C Files\C Files\Debug\link-cvtres.read.1.tlog
C:\Users\PrabaKarthi\Documents\Visual Studio 2012 Learn\C Files\C Files\Debug\link-cvtres.write.1.tlog
C:\Users\PrabaKarthi\Documents\Visual Studio 2012 Learn\C Files\C Files\Debug\link-rc.read.1.tlog
C:\Users\PrabaKarthi\Documents\Visual Studio 2012 Learn\C Files\C Files\Debug\link-rc.write.1.tlog
C:\Users\PrabaKarthi\Documents\Visual Studio 2012 Learn\C Files\C Files\Debug\link.5632-cvtres.read.1.tlog
C:\Users\PrabaKarthi\Documents\Visual Studio 2012 Learn\C Files\C Files\Debug\link.5632-cvtres.write.1.tlog
C:\Users\PrabaKarthi\Documents\Visual Studio 2012 Learn\C Files\C Files\Debug\link.5632-rc.read.1.tlog
C:\Users\PrabaKarthi\Documents\Visual Studio 2012 Learn\C Files\C Files\Debug\link.5632-rc.write.1.tlog
C:\Users\PrabaKarthi\Documents\Visual Studio 2012 Learn\C Files\C Files\Debug\link.5632.read.1.tlog
C:\Users\PrabaKarthi\Documents\Visual Studio 2012 Learn\C Files\C Files\Debug\link.5632.write.1.tlog
C:\Users\PrabaKarthi\Documents\Visual Studio 2012 Learn\C Files\C Files\Debug\link.5988-cvtres.read.1.tlog
C:\Users\PrabaKarthi\Documents\Visual Studio 2012 Learn\C Files\C Files\Debug\link.5988-cvtres.write.1.tlog
C:\Users\PrabaKarthi\Documents\Visual Studio 2012 Learn\C Files\C Files\Debug\link.5988-rc.read.1.tlog
C:\Users\PrabaKarthi\Documents\Visual Studio 2012 Learn\C Files\C Files\Debug\link.5988-rc.write.1.tlog
C:\Users\PrabaKarthi\Documents\Visual Studio 2012 Learn\C Files\C Files\Debug\link.5988.read.1.tlog
C:\Users\PrabaKarthi\Documents\Visual Studio 2012 Learn\C Files\C Files\Debug\link.5988.write.1.tlog
C:\Users\PrabaKarthi\Documents\Visual Studio 2012 Learn\C Files\C Files\Debug\link.6008-cvtres.read.1.tlog
C:\Users\PrabaKarthi\Documents\Visual Studio 2012 Learn\C Files\C Files\Debug\link.6008-cvtres.write.1.tlog
C:\Users\PrabaKarthi\Documents\Visual Studio 2012 Learn\C Files\C Files\Debug\link.6008-rc.read.1.tlog
C:\Users\PrabaKarthi\Documents\Visual Studio 2012 Learn\C Files\C Files\Debug\link.6008-rc.write.1.tlog
C:\Users\PrabaKarthi\Documents\Visual Studio 2012 Learn\C Files\C Files\Debug\link.6008.read.1.tlog
C:\Users\PrabaKarthi\Documents\Visual Studio 2012 Learn\C Files\C Files\Debug\link.6008.write.1.tlog
C:\Users\PrabaKarthi\Documents\Visual Studio 2012 Learn\C Files\C Files\Debug\link.6892-cvtres.read.1.tlog
C:\Users\PrabaKarthi\Documents\Visual Studio 2012 Learn\C Files\C Files\Debug\link.6892-cvtres.write.1.tlog
C:\Users\PrabaKarthi\Documents\Visual Studio 2012 Learn\C Files\C Files\Debug\link.6892-rc.read.1.tlog
C:\Users\PrabaKarthi\Documents\Visual Studio 2012 Learn\C Files\C Files\Debug\link.6892-rc.write.1.tlog
C:\Users\PrabaKarthi\Documents\Visual Studio 2012 Learn\C Files\C Files\Debug\link.6892.read.1.tlog
C:\Users\PrabaKarthi\Documents\Visual Studio 2012 Learn\C Files\C Files\Debug\link.6892.write.1.tlog
C:\Users\PrabaKarthi\Documents\Visual Studio 2012 Learn\C Files\C Files\Debug\link.command.1.tlog
C:\Users\PrabaKarthi\Documents\Visual Studio 2012 Learn\C Files\C Files\Debug\link.read.1.tlog
C:\Users\PrabaKarthi\Documents\Visual Studio 2012 Learn\C Files\C Files\Debug\link.write.1.tlog
C:\Users\PrabaKarthi\Documents\Visual Studio 2012 Learn\C Files\C Files\Debug\vc110.idb
C:\Users\PrabaKarthi\Documents\Visual Studio 2012 Learn\C Files\C Files\Debug\vc110.pdb
C:\Users\PrabaKarthi\Documents\Visual Studio 2012 Learn\C Files\Debug\C Files.pdb
C:\Users\PrabaKarthi\Documents\Visual Studio 2012 Learn\C Files\Debug\C Files.exe
C:\Users\PrabaKarthi\Documents\Visual Studio 2012 Learn\C Files\Debug\C Files.ilk
